\BOOKMARK [0][-]{chapter.2}{\376\377\000I\000N\000T\000R\000O\000D\000U\000C\000T\000I\000O\000N}{}% 1
\BOOKMARK [1][-]{section.2.1}{\376\377\000B\000a\000c\000k\000g\000r\000o\000u\000n\000d}{chapter.2}% 2
\BOOKMARK [1][-]{section.2.2}{\376\377\000P\000r\000o\000b\000l\000e\000m\000\040\000F\000o\000r\000m\000u\000l\000a\000t\000i\000o\000n}{chapter.2}% 3
\BOOKMARK [1][-]{section.2.3}{\376\377\000R\000e\000s\000e\000a\000r\000c\000h\000\040\000O\000b\000j\000e\000c\000t\000i\000v\000e\000s}{chapter.2}% 4
\BOOKMARK [1][-]{section.2.4}{\376\377\000S\000i\000g\000n\000i\000f\000i\000c\000a\000n\000c\000e\000\040\000o\000f\000\040\000S\000t\000u\000d\000y}{chapter.2}% 5
\BOOKMARK [1][-]{section.2.5}{\376\377\000L\000i\000m\000i\000t\000a\000t\000i\000o\000n\000\040\000o\000f\000\040\000S\000t\000u\000d\000y}{chapter.2}% 6
\BOOKMARK [1][-]{section.2.6}{\376\377\000O\000r\000g\000a\000n\000i\000z\000a\000t\000i\000o\000n\000\040\000o\000f\000\040\000t\000h\000e\000\040\000r\000e\000p\000o\000r\000t}{chapter.2}% 7
\BOOKMARK [0][-]{chapter.3}{\376\377\000L\000I\000T\000E\000R\000A\000T\000U\000R\000E\000\040\000R\000E\000V\000I\000E\000W}{}% 8
\BOOKMARK [1][-]{section.3.1}{\376\377\000D\000a\000t\000a\000\040\000a\000n\000d\000\040\000I\000n\000f\000o\000r\000m\000a\000t\000i\000o\000n}{chapter.3}% 9
\BOOKMARK [2][-]{subsection.3.1.1}{\376\377\000D\000e\000f\000i\000n\000i\000t\000i\000o\000n\000s}{section.3.1}% 10
\BOOKMARK [2][-]{subsection.3.1.2}{\376\377\000D\000a\000t\000a\000\040\000c\000l\000a\000s\000s\000i\000f\000i\000c\000a\000t\000i\000o\000n}{section.3.1}% 11
\BOOKMARK [1][-]{section.3.2}{\376\377\000V\000e\000c\000t\000o\000r\000\040\000E\000m\000b\000e\000d\000d\000i\000n\000g\000s}{chapter.3}% 12
\BOOKMARK [2][-]{subsection.3.2.1}{\376\377\000D\000e\000f\000i\000n\000i\000t\000i\000o\000n\000\040\000a\000n\000d\000\040\000P\000u\000r\000p\000o\000s\000e}{section.3.2}% 13
\BOOKMARK [2][-]{subsection.3.2.2}{\376\377\000E\000m\000b\000e\000d\000d\000i\000n\000g\000\040\000M\000o\000d\000e\000l\000s}{section.3.2}% 14
\BOOKMARK [1][-]{section.3.3}{\376\377\000T\000r\000a\000n\000s\000f\000o\000r\000m\000e\000r\000\040\000A\000r\000c\000h\000i\000t\000e\000c\000t\000u\000r\000e}{chapter.3}% 15
\BOOKMARK [2][-]{subsection.3.3.1}{\376\377\000A\000r\000c\000h\000i\000t\000e\000c\000t\000u\000r\000e\000\040\000O\000v\000e\000r\000v\000i\000e\000w}{section.3.3}% 16
\BOOKMARK [2][-]{subsection.3.3.2}{\376\377\000E\000n\000c\000o\000d\000e\000r\000-\000D\000e\000c\000o\000d\000e\000r}{section.3.3}% 17
\BOOKMARK [1][-]{section.3.4}{\376\377\000R\000e\000l\000a\000t\000e\000d\000\040\000W\000o\000r\000k\000s}{chapter.3}% 18
\BOOKMARK [0][-]{chapter.4}{\376\377\000P\000R\000O\000P\000O\000S\000E\000D\000\040\000M\000E\000T\000H\000O\000D\000O\000L\000O\000G\000Y}{}% 19
\BOOKMARK [1][-]{section.4.1}{\376\377\000D\000a\000t\000a\000\040\000G\000a\000t\000h\000e\000r\000i\000n\000g}{chapter.4}% 20
\BOOKMARK [2][-]{subsection.4.1.1}{\376\377\000D\000a\000t\000a\000s\000e\000t\000\040\000S\000o\000u\000r\000c\000e\000\040\000S\000e\000l\000e\000c\000t\000i\000o\000n}{section.4.1}% 21
\BOOKMARK [2][-]{subsection.4.1.2}{\376\377\000D\000a\000t\000a\000s\000e\000t\000\040\000P\000r\000e\000p\000r\000o\000c\000e\000s\000s\000i\000n\000g}{section.4.1}% 22
\BOOKMARK [1][-]{section.4.2}{\376\377\000M\000o\000d\000e\000l\000\040\000D\000e\000s\000i\000g\000n}{chapter.4}% 23
\BOOKMARK [2][-]{subsection.4.2.1}{\376\377\000T\000o\000k\000e\000n\000i\000z\000e\000r}{section.4.2}% 24
\BOOKMARK [2][-]{subsection.4.2.2}{\376\377\000M\000o\000d\000e\000l\000\040\000P\000a\000r\000a\000m\000e\000t\000e\000r\000s}{section.4.2}% 25
\BOOKMARK [1][-]{section.4.3}{\376\377\000T\000r\000a\000i\000n\000i\000n\000g\000\040\000a\000n\000d\000\040\000B\000a\000c\000k\000t\000e\000s\000t\000i\000n\000g}{chapter.4}% 26
